<?xml version="1.0" encoding="UTF-8"?>
<testsuite xmlns:xsi="http://www.w3.org/2001/XMLSchema-instance" xsi:noNamespaceSchemaLocation="https://maven.apache.org/surefire/maven-surefire-plugin/xsd/surefire-test-report.xsd" version="3.0.2" name="com.supvz.requests_service.service.RequestAssignmentServiceTest" time="0.291" tests="9" errors="0" skipped="0" failures="0">
  <properties>
    <property name="java.specification.version" value="24"/>
    <property name="sun.jnu.encoding" value="UTF-8"/>
    <property name="java.class.path" value="/home/re1kur/Projects/supvz/requests_service/target/test-classes:/home/re1kur/Projects/supvz/requests_service/target/classes:/home/re1kur/.m2/repository/org/springframework/boot/spring-boot-starter-validation/3.5.6/spring-boot-starter-validation-3.5.6.jar:/home/re1kur/.m2/repository/org/springframework/boot/spring-boot-starter/3.5.6/spring-boot-starter-3.5.6.jar:/home/re1kur/.m2/repository/org/springframework/boot/spring-boot-autoconfigure/3.5.6/spring-boot-autoconfigure-3.5.6.jar:/home/re1kur/.m2/repository/org/springframework/boot/spring-boot-starter-logging/3.5.6/spring-boot-starter-logging-3.5.6.jar:/home/re1kur/.m2/repository/ch/qos/logback/logback-classic/1.5.18/logback-classic-1.5.18.jar:/home/re1kur/.m2/repository/ch/qos/logback/logback-core/1.5.18/logback-core-1.5.18.jar:/home/re1kur/.m2/repository/org/apache/logging/log4j/log4j-to-slf4j/2.24.3/log4j-to-slf4j-2.24.3.jar:/home/re1kur/.m2/repository/org/apache/logging/log4j/log4j-api/2.24.3/log4j-api-2.24.3.jar:/home/re1kur/.m2/repository/org/slf4j/jul-to-slf4j/2.0.17/jul-to-slf4j-2.0.17.jar:/home/re1kur/.m2/repository/jakarta/annotation/jakarta.annotation-api/2.1.1/jakarta.annotation-api-2.1.1.jar:/home/re1kur/.m2/repository/org/apache/tomcat/embed/tomcat-embed-el/10.1.46/tomcat-embed-el-10.1.46.jar:/home/re1kur/.m2/repository/org/hibernate/validator/hibernate-validator/8.0.3.Final/hibernate-validator-8.0.3.Final.jar:/home/re1kur/.m2/repository/jakarta/validation/jakarta.validation-api/3.0.2/jakarta.validation-api-3.0.2.jar:/home/re1kur/.m2/repository/org/jboss/logging/jboss-logging/3.6.1.Final/jboss-logging-3.6.1.Final.jar:/home/re1kur/.m2/repository/com/fasterxml/classmate/1.7.0/classmate-1.7.0.jar:/home/re1kur/.m2/repository/org/springframework/boot/spring-boot-starter-web/3.5.6/spring-boot-starter-web-3.5.6.jar:/home/re1kur/.m2/repository/org/springframework/boot/spring-boot-starter-json/3.5.6/spring-boot-starter-json-3.5.6.jar:/home/re1kur/.m2/repository/com/fasterxml/jackson/datatype/jackson-datatype-jdk8/2.19.2/jackson-datatype-jdk8-2.19.2.jar:/home/re1kur/.m2/repository/com/fasterxml/jackson/datatype/jackson-datatype-jsr310/2.19.2/jackson-datatype-jsr310-2.19.2.jar:/home/re1kur/.m2/repository/org/springframework/boot/spring-boot-starter-tomcat/3.5.6/spring-boot-starter-tomcat-3.5.6.jar:/home/re1kur/.m2/repository/org/apache/tomcat/embed/tomcat-embed-core/10.1.46/tomcat-embed-core-10.1.46.jar:/home/re1kur/.m2/repository/org/apache/tomcat/embed/tomcat-embed-websocket/10.1.46/tomcat-embed-websocket-10.1.46.jar:/home/re1kur/.m2/repository/org/springframework/spring-web/6.2.11/spring-web-6.2.11.jar:/home/re1kur/.m2/repository/org/springframework/spring-beans/6.2.11/spring-beans-6.2.11.jar:/home/re1kur/.m2/repository/io/micrometer/micrometer-observation/1.15.4/micrometer-observation-1.15.4.jar:/home/re1kur/.m2/repository/io/micrometer/micrometer-commons/1.15.4/micrometer-commons-1.15.4.jar:/home/re1kur/.m2/repository/org/springframework/spring-webmvc/6.2.11/spring-webmvc-6.2.11.jar:/home/re1kur/.m2/repository/org/springframework/spring-aop/6.2.11/spring-aop-6.2.11.jar:/home/re1kur/.m2/repository/org/springframework/spring-context/6.2.11/spring-context-6.2.11.jar:/home/re1kur/.m2/repository/org/springframework/spring-expression/6.2.11/spring-expression-6.2.11.jar:/home/re1kur/.m2/repository/org/springdoc/springdoc-openapi-starter-webmvc-ui/2.8.9/springdoc-openapi-starter-webmvc-ui-2.8.9.jar:/home/re1kur/.m2/repository/org/springdoc/springdoc-openapi-starter-webmvc-api/2.8.9/springdoc-openapi-starter-webmvc-api-2.8.9.jar:/home/re1kur/.m2/repository/org/springdoc/springdoc-openapi-starter-common/2.8.9/springdoc-openapi-starter-common-2.8.9.jar:/home/re1kur/.m2/repository/io/swagger/core/v3/swagger-core-jakarta/2.2.30/swagger-core-jakarta-2.2.30.jar:/home/re1kur/.m2/repository/io/swagger/core/v3/swagger-annotations-jakarta/2.2.30/swagger-annotations-jakarta-2.2.30.jar:/home/re1kur/.m2/repository/io/swagger/core/v3/swagger-models-jakarta/2.2.30/swagger-models-jakarta-2.2.30.jar:/home/re1kur/.m2/repository/com/fasterxml/jackson/dataformat/jackson-dataformat-yaml/2.19.2/jackson-dataformat-yaml-2.19.2.jar:/home/re1kur/.m2/repository/org/webjars/swagger-ui/5.21.0/swagger-ui-5.21.0.jar:/home/re1kur/.m2/repository/org/webjars/webjars-locator-lite/1.1.0/webjars-locator-lite-1.1.0.jar:/home/re1kur/.m2/repository/org/jspecify/jspecify/1.0.0/jspecify-1.0.0.jar:/home/re1kur/.m2/repository/org/springframework/boot/spring-boot-starter-data-jpa/3.5.6/spring-boot-starter-data-jpa-3.5.6.jar:/home/re1kur/.m2/repository/org/springframework/boot/spring-boot-starter-jdbc/3.5.6/spring-boot-starter-jdbc-3.5.6.jar:/home/re1kur/.m2/repository/com/zaxxer/HikariCP/6.3.3/HikariCP-6.3.3.jar:/home/re1kur/.m2/repository/org/springframework/spring-jdbc/6.2.11/spring-jdbc-6.2.11.jar:/home/re1kur/.m2/repository/org/hibernate/orm/hibernate-core/6.6.29.Final/hibernate-core-6.6.29.Final.jar:/home/re1kur/.m2/repository/jakarta/persistence/jakarta.persistence-api/3.1.0/jakarta.persistence-api-3.1.0.jar:/home/re1kur/.m2/repository/jakarta/transaction/jakarta.transaction-api/2.0.1/jakarta.transaction-api-2.0.1.jar:/home/re1kur/.m2/repository/org/hibernate/common/hibernate-commons-annotations/7.0.3.Final/hibernate-commons-annotations-7.0.3.Final.jar:/home/re1kur/.m2/repository/io/smallrye/jandex/3.2.0/jandex-3.2.0.jar:/home/re1kur/.m2/repository/net/bytebuddy/byte-buddy/1.17.7/byte-buddy-1.17.7.jar:/home/re1kur/.m2/repository/org/glassfish/jaxb/jaxb-runtime/4.0.5/jaxb-runtime-4.0.5.jar:/home/re1kur/.m2/repository/org/glassfish/jaxb/jaxb-core/4.0.5/jaxb-core-4.0.5.jar:/home/re1kur/.m2/repository/org/eclipse/angus/angus-activation/2.0.2/angus-activation-2.0.2.jar:/home/re1kur/.m2/repository/org/glassfish/jaxb/txw2/4.0.5/txw2-4.0.5.jar:/home/re1kur/.m2/repository/com/sun/istack/istack-commons-runtime/4.1.2/istack-commons-runtime-4.1.2.jar:/home/re1kur/.m2/repository/jakarta/inject/jakarta.inject-api/2.0.1/jakarta.inject-api-2.0.1.jar:/home/re1kur/.m2/repository/org/antlr/antlr4-runtime/4.13.0/antlr4-runtime-4.13.0.jar:/home/re1kur/.m2/repository/org/springframework/data/spring-data-jpa/3.5.4/spring-data-jpa-3.5.4.jar:/home/re1kur/.m2/repository/org/springframework/data/spring-data-commons/3.5.4/spring-data-commons-3.5.4.jar:/home/re1kur/.m2/repository/org/springframework/spring-orm/6.2.11/spring-orm-6.2.11.jar:/home/re1kur/.m2/repository/org/springframework/spring-tx/6.2.11/spring-tx-6.2.11.jar:/home/re1kur/.m2/repository/org/slf4j/slf4j-api/2.0.17/slf4j-api-2.0.17.jar:/home/re1kur/.m2/repository/org/springframework/spring-aspects/6.2.11/spring-aspects-6.2.11.jar:/home/re1kur/.m2/repository/org/aspectj/aspectjweaver/1.9.24/aspectjweaver-1.9.24.jar:/home/re1kur/.m2/repository/org/liquibase/liquibase-core/4.31.1/liquibase-core-4.31.1.jar:/home/re1kur/.m2/repository/com/opencsv/opencsv/5.9/opencsv-5.9.jar:/home/re1kur/.m2/repository/org/yaml/snakeyaml/2.4/snakeyaml-2.4.jar:/home/re1kur/.m2/repository/javax/xml/bind/jaxb-api/2.3.1/jaxb-api-2.3.1.jar:/home/re1kur/.m2/repository/org/apache/commons/commons-collections4/4.4/commons-collections4-4.4.jar:/home/re1kur/.m2/repository/org/apache/commons/commons-text/1.13.0/commons-text-1.13.0.jar:/home/re1kur/.m2/repository/org/apache/commons/commons-lang3/3.17.0/commons-lang3-3.17.0.jar:/home/re1kur/.m2/repository/commons-io/commons-io/2.18.0/commons-io-2.18.0.jar:/home/re1kur/.m2/repository/org/postgresql/postgresql/42.7.7/postgresql-42.7.7.jar:/home/re1kur/.m2/repository/org/checkerframework/checker-qual/3.49.3/checker-qual-3.49.3.jar:/home/re1kur/.m2/repository/org/springframework/boot/spring-boot-docker-compose/3.5.6/spring-boot-docker-compose-3.5.6.jar:/home/re1kur/.m2/repository/org/springframework/boot/spring-boot/3.5.6/spring-boot-3.5.6.jar:/home/re1kur/.m2/repository/com/fasterxml/jackson/core/jackson-databind/2.19.2/jackson-databind-2.19.2.jar:/home/re1kur/.m2/repository/com/fasterxml/jackson/core/jackson-annotations/2.19.2/jackson-annotations-2.19.2.jar:/home/re1kur/.m2/repository/com/fasterxml/jackson/core/jackson-core/2.19.2/jackson-core-2.19.2.jar:/home/re1kur/.m2/repository/com/fasterxml/jackson/module/jackson-module-parameter-names/2.19.2/jackson-module-parameter-names-2.19.2.jar:/home/re1kur/.m2/repository/org/projectlombok/lombok/1.18.40/lombok-1.18.40.jar:/home/re1kur/.m2/repository/org/springframework/boot/spring-boot-starter-test/3.5.6/spring-boot-starter-test-3.5.6.jar:/home/re1kur/.m2/repository/org/springframework/boot/spring-boot-test/3.5.6/spring-boot-test-3.5.6.jar:/home/re1kur/.m2/repository/org/springframework/boot/spring-boot-test-autoconfigure/3.5.6/spring-boot-test-autoconfigure-3.5.6.jar:/home/re1kur/.m2/repository/com/jayway/jsonpath/json-path/2.9.0/json-path-2.9.0.jar:/home/re1kur/.m2/repository/jakarta/xml/bind/jakarta.xml.bind-api/4.0.2/jakarta.xml.bind-api-4.0.2.jar:/home/re1kur/.m2/repository/jakarta/activation/jakarta.activation-api/2.1.4/jakarta.activation-api-2.1.4.jar:/home/re1kur/.m2/repository/net/minidev/json-smart/2.5.2/json-smart-2.5.2.jar:/home/re1kur/.m2/repository/net/minidev/accessors-smart/2.5.2/accessors-smart-2.5.2.jar:/home/re1kur/.m2/repository/org/ow2/asm/asm/9.7.1/asm-9.7.1.jar:/home/re1kur/.m2/repository/org/assertj/assertj-core/3.27.4/assertj-core-3.27.4.jar:/home/re1kur/.m2/repository/org/awaitility/awaitility/4.2.2/awaitility-4.2.2.jar:/home/re1kur/.m2/repository/org/hamcrest/hamcrest/3.0/hamcrest-3.0.jar:/home/re1kur/.m2/repository/org/junit/jupiter/junit-jupiter/5.12.2/junit-jupiter-5.12.2.jar:/home/re1kur/.m2/repository/org/junit/jupiter/junit-jupiter-api/5.12.2/junit-jupiter-api-5.12.2.jar:/home/re1kur/.m2/repository/org/opentest4j/opentest4j/1.3.0/opentest4j-1.3.0.jar:/home/re1kur/.m2/repository/org/junit/platform/junit-platform-commons/1.12.2/junit-platform-commons-1.12.2.jar:/home/re1kur/.m2/repository/org/apiguardian/apiguardian-api/1.1.2/apiguardian-api-1.1.2.jar:/home/re1kur/.m2/repository/org/junit/jupiter/junit-jupiter-params/5.12.2/junit-jupiter-params-5.12.2.jar:/home/re1kur/.m2/repository/org/junit/jupiter/junit-jupiter-engine/5.12.2/junit-jupiter-engine-5.12.2.jar:/home/re1kur/.m2/repository/org/junit/platform/junit-platform-engine/1.12.2/junit-platform-engine-1.12.2.jar:/home/re1kur/.m2/repository/org/mockito/mockito-core/5.17.0/mockito-core-5.17.0.jar:/home/re1kur/.m2/repository/net/bytebuddy/byte-buddy-agent/1.17.7/byte-buddy-agent-1.17.7.jar:/home/re1kur/.m2/repository/org/objenesis/objenesis/3.3/objenesis-3.3.jar:/home/re1kur/.m2/repository/org/mockito/mockito-junit-jupiter/5.17.0/mockito-junit-jupiter-5.17.0.jar:/home/re1kur/.m2/repository/org/skyscreamer/jsonassert/1.5.3/jsonassert-1.5.3.jar:/home/re1kur/.m2/repository/com/vaadin/external/google/android-json/0.0.20131108.vaadin1/android-json-0.0.20131108.vaadin1.jar:/home/re1kur/.m2/repository/org/springframework/spring-core/6.2.11/spring-core-6.2.11.jar:/home/re1kur/.m2/repository/org/springframework/spring-jcl/6.2.11/spring-jcl-6.2.11.jar:/home/re1kur/.m2/repository/org/springframework/spring-test/6.2.11/spring-test-6.2.11.jar:/home/re1kur/.m2/repository/org/xmlunit/xmlunit-core/2.10.4/xmlunit-core-2.10.4.jar:"/>
    <property name="java.vm.vendor" value="Oracle Corporation"/>
    <property name="sun.arch.data.model" value="64"/>
    <property name="java.vendor.url" value="https://java.oracle.com/"/>
    <property name="user.timezone" value="Asia/Krasnoyarsk"/>
    <property name="os.name" value="Linux"/>
    <property name="java.vm.specification.version" value="24"/>
    <property name="sun.java.launcher" value="SUN_STANDARD"/>
    <property name="user.country" value="GB"/>
    <property name="sun.boot.library.path" value="/opt/jdk-24.0.1/lib"/>
    <property name="sun.java.command" value="/home/re1kur/Projects/supvz/requests_service/target/surefire/surefirebooter-20251014031818789_3.jar /home/re1kur/Projects/supvz/requests_service/target/surefire 2025-10-14T03-18-18_672-jvmRun1 surefire-20251014031818789_1tmp surefire_0-20251014031818789_2tmp"/>
    <property name="jdk.debug" value="release"/>
    <property name="surefire.test.class.path" value="/home/re1kur/Projects/supvz/requests_service/target/test-classes:/home/re1kur/Projects/supvz/requests_service/target/classes:/home/re1kur/.m2/repository/org/springframework/boot/spring-boot-starter-validation/3.5.6/spring-boot-starter-validation-3.5.6.jar:/home/re1kur/.m2/repository/org/springframework/boot/spring-boot-starter/3.5.6/spring-boot-starter-3.5.6.jar:/home/re1kur/.m2/repository/org/springframework/boot/spring-boot-autoconfigure/3.5.6/spring-boot-autoconfigure-3.5.6.jar:/home/re1kur/.m2/repository/org/springframework/boot/spring-boot-starter-logging/3.5.6/spring-boot-starter-logging-3.5.6.jar:/home/re1kur/.m2/repository/ch/qos/logback/logback-classic/1.5.18/logback-classic-1.5.18.jar:/home/re1kur/.m2/repository/ch/qos/logback/logback-core/1.5.18/logback-core-1.5.18.jar:/home/re1kur/.m2/repository/org/apache/logging/log4j/log4j-to-slf4j/2.24.3/log4j-to-slf4j-2.24.3.jar:/home/re1kur/.m2/repository/org/apache/logging/log4j/log4j-api/2.24.3/log4j-api-2.24.3.jar:/home/re1kur/.m2/repository/org/slf4j/jul-to-slf4j/2.0.17/jul-to-slf4j-2.0.17.jar:/home/re1kur/.m2/repository/jakarta/annotation/jakarta.annotation-api/2.1.1/jakarta.annotation-api-2.1.1.jar:/home/re1kur/.m2/repository/org/apache/tomcat/embed/tomcat-embed-el/10.1.46/tomcat-embed-el-10.1.46.jar:/home/re1kur/.m2/repository/org/hibernate/validator/hibernate-validator/8.0.3.Final/hibernate-validator-8.0.3.Final.jar:/home/re1kur/.m2/repository/jakarta/validation/jakarta.validation-api/3.0.2/jakarta.validation-api-3.0.2.jar:/home/re1kur/.m2/repository/org/jboss/logging/jboss-logging/3.6.1.Final/jboss-logging-3.6.1.Final.jar:/home/re1kur/.m2/repository/com/fasterxml/classmate/1.7.0/classmate-1.7.0.jar:/home/re1kur/.m2/repository/org/springframework/boot/spring-boot-starter-web/3.5.6/spring-boot-starter-web-3.5.6.jar:/home/re1kur/.m2/repository/org/springframework/boot/spring-boot-starter-json/3.5.6/spring-boot-starter-json-3.5.6.jar:/home/re1kur/.m2/repository/com/fasterxml/jackson/datatype/jackson-datatype-jdk8/2.19.2/jackson-datatype-jdk8-2.19.2.jar:/home/re1kur/.m2/repository/com/fasterxml/jackson/datatype/jackson-datatype-jsr310/2.19.2/jackson-datatype-jsr310-2.19.2.jar:/home/re1kur/.m2/repository/org/springframework/boot/spring-boot-starter-tomcat/3.5.6/spring-boot-starter-tomcat-3.5.6.jar:/home/re1kur/.m2/repository/org/apache/tomcat/embed/tomcat-embed-core/10.1.46/tomcat-embed-core-10.1.46.jar:/home/re1kur/.m2/repository/org/apache/tomcat/embed/tomcat-embed-websocket/10.1.46/tomcat-embed-websocket-10.1.46.jar:/home/re1kur/.m2/repository/org/springframework/spring-web/6.2.11/spring-web-6.2.11.jar:/home/re1kur/.m2/repository/org/springframework/spring-beans/6.2.11/spring-beans-6.2.11.jar:/home/re1kur/.m2/repository/io/micrometer/micrometer-observation/1.15.4/micrometer-observation-1.15.4.jar:/home/re1kur/.m2/repository/io/micrometer/micrometer-commons/1.15.4/micrometer-commons-1.15.4.jar:/home/re1kur/.m2/repository/org/springframework/spring-webmvc/6.2.11/spring-webmvc-6.2.11.jar:/home/re1kur/.m2/repository/org/springframework/spring-aop/6.2.11/spring-aop-6.2.11.jar:/home/re1kur/.m2/repository/org/springframework/spring-context/6.2.11/spring-context-6.2.11.jar:/home/re1kur/.m2/repository/org/springframework/spring-expression/6.2.11/spring-expression-6.2.11.jar:/home/re1kur/.m2/repository/org/springdoc/springdoc-openapi-starter-webmvc-ui/2.8.9/springdoc-openapi-starter-webmvc-ui-2.8.9.jar:/home/re1kur/.m2/repository/org/springdoc/springdoc-openapi-starter-webmvc-api/2.8.9/springdoc-openapi-starter-webmvc-api-2.8.9.jar:/home/re1kur/.m2/repository/org/springdoc/springdoc-openapi-starter-common/2.8.9/springdoc-openapi-starter-common-2.8.9.jar:/home/re1kur/.m2/repository/io/swagger/core/v3/swagger-core-jakarta/2.2.30/swagger-core-jakarta-2.2.30.jar:/home/re1kur/.m2/repository/io/swagger/core/v3/swagger-annotations-jakarta/2.2.30/swagger-annotations-jakarta-2.2.30.jar:/home/re1kur/.m2/repository/io/swagger/core/v3/swagger-models-jakarta/2.2.30/swagger-models-jakarta-2.2.30.jar:/home/re1kur/.m2/repository/com/fasterxml/jackson/dataformat/jackson-dataformat-yaml/2.19.2/jackson-dataformat-yaml-2.19.2.jar:/home/re1kur/.m2/repository/org/webjars/swagger-ui/5.21.0/swagger-ui-5.21.0.jar:/home/re1kur/.m2/repository/org/webjars/webjars-locator-lite/1.1.0/webjars-locator-lite-1.1.0.jar:/home/re1kur/.m2/repository/org/jspecify/jspecify/1.0.0/jspecify-1.0.0.jar:/home/re1kur/.m2/repository/org/springframework/boot/spring-boot-starter-data-jpa/3.5.6/spring-boot-starter-data-jpa-3.5.6.jar:/home/re1kur/.m2/repository/org/springframework/boot/spring-boot-starter-jdbc/3.5.6/spring-boot-starter-jdbc-3.5.6.jar:/home/re1kur/.m2/repository/com/zaxxer/HikariCP/6.3.3/HikariCP-6.3.3.jar:/home/re1kur/.m2/repository/org/springframework/spring-jdbc/6.2.11/spring-jdbc-6.2.11.jar:/home/re1kur/.m2/repository/org/hibernate/orm/hibernate-core/6.6.29.Final/hibernate-core-6.6.29.Final.jar:/home/re1kur/.m2/repository/jakarta/persistence/jakarta.persistence-api/3.1.0/jakarta.persistence-api-3.1.0.jar:/home/re1kur/.m2/repository/jakarta/transaction/jakarta.transaction-api/2.0.1/jakarta.transaction-api-2.0.1.jar:/home/re1kur/.m2/repository/org/hibernate/common/hibernate-commons-annotations/7.0.3.Final/hibernate-commons-annotations-7.0.3.Final.jar:/home/re1kur/.m2/repository/io/smallrye/jandex/3.2.0/jandex-3.2.0.jar:/home/re1kur/.m2/repository/net/bytebuddy/byte-buddy/1.17.7/byte-buddy-1.17.7.jar:/home/re1kur/.m2/repository/org/glassfish/jaxb/jaxb-runtime/4.0.5/jaxb-runtime-4.0.5.jar:/home/re1kur/.m2/repository/org/glassfish/jaxb/jaxb-core/4.0.5/jaxb-core-4.0.5.jar:/home/re1kur/.m2/repository/org/eclipse/angus/angus-activation/2.0.2/angus-activation-2.0.2.jar:/home/re1kur/.m2/repository/org/glassfish/jaxb/txw2/4.0.5/txw2-4.0.5.jar:/home/re1kur/.m2/repository/com/sun/istack/istack-commons-runtime/4.1.2/istack-commons-runtime-4.1.2.jar:/home/re1kur/.m2/repository/jakarta/inject/jakarta.inject-api/2.0.1/jakarta.inject-api-2.0.1.jar:/home/re1kur/.m2/repository/org/antlr/antlr4-runtime/4.13.0/antlr4-runtime-4.13.0.jar:/home/re1kur/.m2/repository/org/springframework/data/spring-data-jpa/3.5.4/spring-data-jpa-3.5.4.jar:/home/re1kur/.m2/repository/org/springframework/data/spring-data-commons/3.5.4/spring-data-commons-3.5.4.jar:/home/re1kur/.m2/repository/org/springframework/spring-orm/6.2.11/spring-orm-6.2.11.jar:/home/re1kur/.m2/repository/org/springframework/spring-tx/6.2.11/spring-tx-6.2.11.jar:/home/re1kur/.m2/repository/org/slf4j/slf4j-api/2.0.17/slf4j-api-2.0.17.jar:/home/re1kur/.m2/repository/org/springframework/spring-aspects/6.2.11/spring-aspects-6.2.11.jar:/home/re1kur/.m2/repository/org/aspectj/aspectjweaver/1.9.24/aspectjweaver-1.9.24.jar:/home/re1kur/.m2/repository/org/liquibase/liquibase-core/4.31.1/liquibase-core-4.31.1.jar:/home/re1kur/.m2/repository/com/opencsv/opencsv/5.9/opencsv-5.9.jar:/home/re1kur/.m2/repository/org/yaml/snakeyaml/2.4/snakeyaml-2.4.jar:/home/re1kur/.m2/repository/javax/xml/bind/jaxb-api/2.3.1/jaxb-api-2.3.1.jar:/home/re1kur/.m2/repository/org/apache/commons/commons-collections4/4.4/commons-collections4-4.4.jar:/home/re1kur/.m2/repository/org/apache/commons/commons-text/1.13.0/commons-text-1.13.0.jar:/home/re1kur/.m2/repository/org/apache/commons/commons-lang3/3.17.0/commons-lang3-3.17.0.jar:/home/re1kur/.m2/repository/commons-io/commons-io/2.18.0/commons-io-2.18.0.jar:/home/re1kur/.m2/repository/org/postgresql/postgresql/42.7.7/postgresql-42.7.7.jar:/home/re1kur/.m2/repository/org/checkerframework/checker-qual/3.49.3/checker-qual-3.49.3.jar:/home/re1kur/.m2/repository/org/springframework/boot/spring-boot-docker-compose/3.5.6/spring-boot-docker-compose-3.5.6.jar:/home/re1kur/.m2/repository/org/springframework/boot/spring-boot/3.5.6/spring-boot-3.5.6.jar:/home/re1kur/.m2/repository/com/fasterxml/jackson/core/jackson-databind/2.19.2/jackson-databind-2.19.2.jar:/home/re1kur/.m2/repository/com/fasterxml/jackson/core/jackson-annotations/2.19.2/jackson-annotations-2.19.2.jar:/home/re1kur/.m2/repository/com/fasterxml/jackson/core/jackson-core/2.19.2/jackson-core-2.19.2.jar:/home/re1kur/.m2/repository/com/fasterxml/jackson/module/jackson-module-parameter-names/2.19.2/jackson-module-parameter-names-2.19.2.jar:/home/re1kur/.m2/repository/org/projectlombok/lombok/1.18.40/lombok-1.18.40.jar:/home/re1kur/.m2/repository/org/springframework/boot/spring-boot-starter-test/3.5.6/spring-boot-starter-test-3.5.6.jar:/home/re1kur/.m2/repository/org/springframework/boot/spring-boot-test/3.5.6/spring-boot-test-3.5.6.jar:/home/re1kur/.m2/repository/org/springframework/boot/spring-boot-test-autoconfigure/3.5.6/spring-boot-test-autoconfigure-3.5.6.jar:/home/re1kur/.m2/repository/com/jayway/jsonpath/json-path/2.9.0/json-path-2.9.0.jar:/home/re1kur/.m2/repository/jakarta/xml/bind/jakarta.xml.bind-api/4.0.2/jakarta.xml.bind-api-4.0.2.jar:/home/re1kur/.m2/repository/jakarta/activation/jakarta.activation-api/2.1.4/jakarta.activation-api-2.1.4.jar:/home/re1kur/.m2/repository/net/minidev/json-smart/2.5.2/json-smart-2.5.2.jar:/home/re1kur/.m2/repository/net/minidev/accessors-smart/2.5.2/accessors-smart-2.5.2.jar:/home/re1kur/.m2/repository/org/ow2/asm/asm/9.7.1/asm-9.7.1.jar:/home/re1kur/.m2/repository/org/assertj/assertj-core/3.27.4/assertj-core-3.27.4.jar:/home/re1kur/.m2/repository/org/awaitility/awaitility/4.2.2/awaitility-4.2.2.jar:/home/re1kur/.m2/repository/org/hamcrest/hamcrest/3.0/hamcrest-3.0.jar:/home/re1kur/.m2/repository/org/junit/jupiter/junit-jupiter/5.12.2/junit-jupiter-5.12.2.jar:/home/re1kur/.m2/repository/org/junit/jupiter/junit-jupiter-api/5.12.2/junit-jupiter-api-5.12.2.jar:/home/re1kur/.m2/repository/org/opentest4j/opentest4j/1.3.0/opentest4j-1.3.0.jar:/home/re1kur/.m2/repository/org/junit/platform/junit-platform-commons/1.12.2/junit-platform-commons-1.12.2.jar:/home/re1kur/.m2/repository/org/apiguardian/apiguardian-api/1.1.2/apiguardian-api-1.1.2.jar:/home/re1kur/.m2/repository/org/junit/jupiter/junit-jupiter-params/5.12.2/junit-jupiter-params-5.12.2.jar:/home/re1kur/.m2/repository/org/junit/jupiter/junit-jupiter-engine/5.12.2/junit-jupiter-engine-5.12.2.jar:/home/re1kur/.m2/repository/org/junit/platform/junit-platform-engine/1.12.2/junit-platform-engine-1.12.2.jar:/home/re1kur/.m2/repository/org/mockito/mockito-core/5.17.0/mockito-core-5.17.0.jar:/home/re1kur/.m2/repository/net/bytebuddy/byte-buddy-agent/1.17.7/byte-buddy-agent-1.17.7.jar:/home/re1kur/.m2/repository/org/objenesis/objenesis/3.3/objenesis-3.3.jar:/home/re1kur/.m2/repository/org/mockito/mockito-junit-jupiter/5.17.0/mockito-junit-jupiter-5.17.0.jar:/home/re1kur/.m2/repository/org/skyscreamer/jsonassert/1.5.3/jsonassert-1.5.3.jar:/home/re1kur/.m2/repository/com/vaadin/external/google/android-json/0.0.20131108.vaadin1/android-json-0.0.20131108.vaadin1.jar:/home/re1kur/.m2/repository/org/springframework/spring-core/6.2.11/spring-core-6.2.11.jar:/home/re1kur/.m2/repository/org/springframework/spring-jcl/6.2.11/spring-jcl-6.2.11.jar:/home/re1kur/.m2/repository/org/springframework/spring-test/6.2.11/spring-test-6.2.11.jar:/home/re1kur/.m2/repository/org/xmlunit/xmlunit-core/2.10.4/xmlunit-core-2.10.4.jar:"/>
    <property name="sun.cpu.endian" value="little"/>
    <property name="user.home" value="/home/re1kur"/>
    <property name="user.language" value="en"/>
    <property name="java.specification.vendor" value="Oracle Corporation"/>
    <property name="java.version.date" value="2025-04-15"/>
    <property name="java.home" value="/opt/jdk-24.0.1"/>
    <property name="file.separator" value="/"/>
    <property name="basedir" value="/home/re1kur/Projects/supvz/requests_service"/>
    <property name="java.vm.compressedOopsMode" value="32-bit"/>
    <property name="line.separator" value="&#10;"/>
    <property name="java.specification.name" value="Java Platform API Specification"/>
    <property name="java.vm.specification.vendor" value="Oracle Corporation"/>
    <property name="surefire.real.class.path" value="/home/re1kur/Projects/supvz/requests_service/target/surefire/surefirebooter-20251014031818789_3.jar"/>
    <property name="sun.management.compiler" value="HotSpot 64-Bit Tiered Compilers"/>
    <property name="java.runtime.version" value="24.0.1+9-30"/>
    <property name="user.name" value="re1kur"/>
    <property name="stdout.encoding" value="UTF-8"/>
    <property name="path.separator" value=":"/>
    <property name="os.version" value="6.14.0-33-generic"/>
    <property name="java.runtime.name" value="Java(TM) SE Runtime Environment"/>
    <property name="file.encoding" value="UTF-8"/>
    <property name="java.vm.name" value="Java HotSpot(TM) 64-Bit Server VM"/>
    <property name="localRepository" value="/home/re1kur/.m2/repository"/>
    <property name="java.vendor.url.bug" value="https://bugreport.java.com/bugreport/"/>
    <property name="java.io.tmpdir" value="/tmp"/>
    <property name="java.version" value="24.0.1"/>
    <property name="user.dir" value="/home/re1kur/Projects/supvz/requests_service"/>
    <property name="os.arch" value="amd64"/>
    <property name="java.vm.specification.name" value="Java Virtual Machine Specification"/>
    <property name="native.encoding" value="UTF-8"/>
    <property name="java.library.path" value="/usr/java/packages/lib:/usr/lib64:/lib64:/lib:/usr/lib"/>
    <property name="java.vm.info" value="mixed mode, sharing"/>
    <property name="stderr.encoding" value="UTF-8"/>
    <property name="java.vendor" value="Oracle Corporation"/>
    <property name="java.vm.version" value="24.0.1+9-30"/>
    <property name="sun.io.unicode.encoding" value="UnicodeLittle"/>
    <property name="java.class.version" value="68.0"/>
  </properties>
  <testcase name="read__RequestAssignmentNotFound__ThrowsException" classname="com.supvz.requests_service.service.RequestAssignmentServiceTest" time="0.175">
    <system-out><![CDATA[03:18:20.986 [main] INFO com.supvz.requests_service.service.impl.RequestAssignmentServiceImpl -- READ REQUEST ASSIGNMENT [1].
]]></system-out>
  </testcase>
  <testcase name="read__ReturnsRequestAssignmentDto" classname="com.supvz.requests_service.service.RequestAssignmentServiceTest" time="0.028">
    <system-out><![CDATA[03:18:21.007 [main] INFO com.supvz.requests_service.service.impl.RequestAssignmentServiceImpl -- READ REQUEST ASSIGNMENT [1].
]]></system-out>
  </testcase>
  <testcase name="create__ReturnsRequestAssignmentDto" classname="com.supvz.requests_service.service.RequestAssignmentServiceTest" time="0.012">
    <system-out><![CDATA[03:18:21.036 [main] INFO com.supvz.requests_service.service.impl.RequestAssignmentServiceImpl -- CREATE REQUEST [1] ASSIGNMENT BY HANDYMAN [7329b311-7ba8-4c1b-a836-4ccc7f9936a1].
03:18:21.038 [main] INFO com.supvz.requests_service.service.impl.RequestAssignmentServiceImpl -- REQUEST ASSIGNMENT [1] IS CREATED BY HANDYMAN [7329b311-7ba8-4c1b-a836-4ccc7f9936a1].
]]></system-out>
  </testcase>
  <testcase name="update__ReturnsRequestDto" classname="com.supvz.requests_service.service.RequestAssignmentServiceTest" time="0.015">
    <system-out><![CDATA[03:18:21.049 [main] INFO com.supvz.requests_service.service.impl.RequestAssignmentServiceImpl -- UPDATE REQUEST ASSIGNMENT [1]. Payload [RequestAssignmentUpdatePayload[status=CONFIRMED, handymanId=e46cd5d6-27fd-4ffc-a7cf-4e552e9276a0, description=newDescription]].
03:18:21.053 [main] INFO com.supvz.requests_service.service.impl.RequestAssignmentServiceImpl -- REQUEST ASSIGNMENT [1] IS UPDATED.
]]></system-out>
  </testcase>
  <testcase name="delete__RequestAssignmentNotFound__ThrowsException" classname="com.supvz.requests_service.service.RequestAssignmentServiceTest" time="0.007">
    <system-out><![CDATA[03:18:21.061 [main] INFO com.supvz.requests_service.service.impl.RequestAssignmentServiceImpl -- DELETE REQUEST ASSIGNMENT [1].
]]></system-out>
  </testcase>
  <testcase name="readAll__ReturnsPageDto" classname="com.supvz.requests_service.service.RequestAssignmentServiceTest" time="0.015">
    <system-out><![CDATA[03:18:21.075 [main] INFO com.supvz.requests_service.service.impl.RequestAssignmentServiceImpl -- READ REQUEST [1] ASSIGNMENTS PAGE. PAGE [0], SIZE [5].
]]></system-out>
  </testcase>
  <testcase name="create__RequestNotFound__ThrowsException" classname="com.supvz.requests_service.service.RequestAssignmentServiceTest" time="0.01">
    <system-out><![CDATA[03:18:21.091 [main] INFO com.supvz.requests_service.service.impl.RequestAssignmentServiceImpl -- CREATE REQUEST [1] ASSIGNMENT BY HANDYMAN [e0c05ddf-80ba-4b73-8aa1-ab6db9498702].
]]></system-out>
  </testcase>
  <testcase name="update__RequestAssignmentNotFound__ThrowsException" classname="com.supvz.requests_service.service.RequestAssignmentServiceTest" time="0.007">
    <system-out><![CDATA[03:18:21.099 [main] INFO com.supvz.requests_service.service.impl.RequestAssignmentServiceImpl -- UPDATE REQUEST ASSIGNMENT [1]. Payload [RequestAssignmentUpdatePayload[status=CONFIRMED, handymanId=c60843be-4d81-42d1-92d8-ff10807ee8eb, description=newDescription]].
]]></system-out>
  </testcase>
  <testcase name="delete__DoesNotThrowsException" classname="com.supvz.requests_service.service.RequestAssignmentServiceTest" time="0.01">
    <system-out><![CDATA[03:18:21.108 [main] INFO com.supvz.requests_service.service.impl.RequestAssignmentServiceImpl -- DELETE REQUEST ASSIGNMENT [1].
03:18:21.110 [main] INFO com.supvz.requests_service.service.impl.RequestAssignmentServiceImpl -- REQUEST ASSIGNMENT [1] IS DELETED.
]]></system-out>
  </testcase>
</testsuite>